[2026-03-26T14:56:47.545+0000] {taskinstance.py:1956} INFO - Dependencies all met for dep_context=non-requeueable deps ti=<TaskInstance: my_dag.process_user_data_task manual__2026-03-26T14:51:14.032549+00:00 [queued]>
[2026-03-26T14:56:47.572+0000] {taskinstance.py:1956} INFO - Dependencies all met for dep_context=requeueable deps ti=<TaskInstance: my_dag.process_user_data_task manual__2026-03-26T14:51:14.032549+00:00 [queued]>
[2026-03-26T14:56:47.576+0000] {taskinstance.py:2170} INFO - Starting attempt 2 of 2
[2026-03-26T14:56:47.703+0000] {taskinstance.py:2191} INFO - Executing <Task(PythonOperator): process_user_data_task> on 2026-03-26 14:51:14.032549+00:00
[2026-03-26T14:56:47.793+0000] {standard_task_runner.py:60} INFO - Started process 1779 to run task
[2026-03-26T14:56:48.102+0000] {standard_task_runner.py:87} INFO - Running: ['***', 'tasks', 'run', 'my_dag', 'process_user_data_task', 'manual__2026-03-26T14:51:14.032549+00:00', '--job-id', '35', '--raw', '--subdir', 'DAGS_FOLDER/main.py', '--cfg-path', '/tmp/tmp416pi1r5']
[2026-03-26T14:56:48.136+0000] {standard_task_runner.py:88} INFO - Job 35: Subtask process_user_data_task
[2026-03-26T14:56:48.516+0000] {task_command.py:423} INFO - Running <TaskInstance: my_dag.process_user_data_task manual__2026-03-26T14:51:14.032549+00:00 [running]> on host 77a29f06e2fb
[2026-03-26T14:56:48.917+0000] {taskinstance.py:2480} INFO - Exporting env vars: AIRFLOW_CTX_DAG_OWNER='***' AIRFLOW_CTX_DAG_ID='my_dag' AIRFLOW_CTX_TASK_ID='process_user_data_task' AIRFLOW_CTX_EXECUTION_DATE='2026-03-26T14:51:14.032549+00:00' AIRFLOW_CTX_TRY_NUMBER='2' AIRFLOW_CTX_DAG_RUN_ID='manual__2026-03-26T14:51:14.032549+00:00'
[2026-03-26T14:56:48.921+0000] {logging_mixin.py:188} INFO - Processing user data: {'gender': 'female', 'name': {'title': 'Mrs', 'first': 'Chloe', 'last': 'Ambrose'}, 'location': {'street': {'number': 3703, 'name': 'Lake of Bays Road'}, 'city': 'Grand Falls', 'state': 'Nunavut', 'country': 'Canada', 'postcode': 'H8K 7Q6', 'coordinates': {'latitude': '-67.7870', 'longitude': '18.5982'}, 'timezone': {'offset': '-7:00', 'description': 'Mountain Time (US & Canada)'}}, 'email': 'chloe.ambrose@example.com', 'login': {'uuid': '40835969-0834-4b5e-9777-6ec7e6d93096', 'username': 'lazygorilla893', 'password': 'jarhead', 'salt': 'HpsUt4JB', 'md5': '388951af3b20eea3dbfdd93747b10253', 'sha1': 'ee4ced6fe7a9601ab06f9ed53afb0bf389c9ff36', 'sha256': '52a1a561011def68130c1b0e07b8fd5b9138cc5e5e7eaa913b53ca29b9cfb560'}, 'dob': {'date': '1989-05-26T16:55:31.414Z', 'age': 36}, 'registered': {'date': '2011-05-04T17:35:43.363Z', 'age': 14}, 'phone': 'L86 F06-4312', 'cell': 'P52 I20-5333', 'id': {'name': 'SIN', 'value': '704211036'}, 'picture': {'large': 'https://randomuser.me/api/portraits/women/85.jpg', 'medium': 'https://randomuser.me/api/portraits/med/women/85.jpg', 'thumbnail': 'https://randomuser.me/api/portraits/thumb/women/85.jpg'}, 'nat': 'CA'}
[2026-03-26T14:56:49.138+0000] {logging_mixin.py:188} INFO -    gender  ...                                  picture.thumbnail
0  female  ...  https://randomuser.me/api/portraits/thumb/wome...

[1 rows x 34 columns]
[2026-03-26T14:56:49.141+0000] {logging_mixin.py:188} INFO - Index(['gender', 'email', 'phone', 'cell', 'nat', 'name.title', 'name.first',
       'name.last', 'location.street.number', 'location.street.name',
       'location.city', 'location.state', 'location.country',
       'location.postcode', 'location.coordinates.latitude',
       'location.coordinates.longitude', 'location.timezone.offset',
       'location.timezone.description', 'login.uuid', 'login.username',
       'login.password', 'login.salt', 'login.md5', 'login.sha1',
       'login.sha256', 'dob.date', 'dob.age', 'registered.date',
       'registered.age', 'id.name', 'id.value', 'picture.large',
       'picture.medium', 'picture.thumbnail'],
      dtype='object')
[2026-03-26T14:56:49.142+0000] {python.py:201} INFO - Done. Returned value was:    gender  ...                                  picture.thumbnail
0  female  ...  https://randomuser.me/api/portraits/thumb/wome...

[1 rows x 34 columns]
[2026-03-26T14:56:49.474+0000] {taskinstance.py:1138} INFO - Marking task as SUCCESS. dag_id=my_dag, task_id=process_user_data_task, execution_date=20260326T145114, start_date=20260326T145647, end_date=20260326T145649
[2026-03-26T14:56:49.573+0000] {local_task_job_runner.py:234} INFO - Task exited with return code 0
[2026-03-26T14:56:49.645+0000] {taskinstance.py:3280} INFO - 0 downstream tasks scheduled from follow-on schedule check
