[2026-03-26T14:54:48.812+0000] {taskinstance.py:1956} INFO - Dependencies all met for dep_context=non-requeueable deps ti=<TaskInstance: my_dag.process_user_data_task manual__2026-03-26T14:54:35.055336+00:00 [queued]>
[2026-03-26T14:54:48.831+0000] {taskinstance.py:1956} INFO - Dependencies all met for dep_context=requeueable deps ti=<TaskInstance: my_dag.process_user_data_task manual__2026-03-26T14:54:35.055336+00:00 [queued]>
[2026-03-26T14:54:48.832+0000] {taskinstance.py:2170} INFO - Starting attempt 1 of 2
[2026-03-26T14:54:48.861+0000] {taskinstance.py:2191} INFO - Executing <Task(PythonOperator): process_user_data_task> on 2026-03-26 14:54:35.055336+00:00
[2026-03-26T14:54:48.878+0000] {standard_task_runner.py:60} INFO - Started process 1753 to run task
[2026-03-26T14:54:48.885+0000] {standard_task_runner.py:87} INFO - Running: ['***', 'tasks', 'run', 'my_dag', 'process_user_data_task', 'manual__2026-03-26T14:54:35.055336+00:00', '--job-id', '34', '--raw', '--subdir', 'DAGS_FOLDER/main.py', '--cfg-path', '/tmp/tmp3kv2dpcx']
[2026-03-26T14:54:48.890+0000] {standard_task_runner.py:88} INFO - Job 34: Subtask process_user_data_task
[2026-03-26T14:54:49.004+0000] {task_command.py:423} INFO - Running <TaskInstance: my_dag.process_user_data_task manual__2026-03-26T14:54:35.055336+00:00 [running]> on host 77a29f06e2fb
[2026-03-26T14:54:49.248+0000] {taskinstance.py:2480} INFO - Exporting env vars: AIRFLOW_CTX_DAG_OWNER='***' AIRFLOW_CTX_DAG_ID='my_dag' AIRFLOW_CTX_TASK_ID='process_user_data_task' AIRFLOW_CTX_EXECUTION_DATE='2026-03-26T14:54:35.055336+00:00' AIRFLOW_CTX_TRY_NUMBER='1' AIRFLOW_CTX_DAG_RUN_ID='manual__2026-03-26T14:54:35.055336+00:00'
[2026-03-26T14:54:49.267+0000] {logging_mixin.py:188} INFO - Processing user data: {'gender': 'male', 'name': {'title': 'Mr', 'first': 'Alfred', 'last': 'Møller'}, 'location': {'street': {'number': 7938, 'name': 'Fyrrevej'}, 'city': 'Brøndby Strand', 'state': 'Nordjylland', 'country': 'Denmark', 'postcode': 51717, 'coordinates': {'latitude': '-42.7022', 'longitude': '-33.9742'}, 'timezone': {'offset': '+5:45', 'description': 'Kathmandu'}}, 'email': 'alfred.moller@example.com', 'login': {'uuid': '18bc32a7-a10a-4c96-a056-588f59cad882', 'username': 'greengorilla435', 'password': '66666', 'salt': 'OgbOXJxx', 'md5': 'facb3ae081fb08ee438ca00ebc22e22c', 'sha1': '0ce364b058b78988236b14b769093b90b92b302b', 'sha256': 'aeff2d898ac75baec3bb3059124723440301684c01d47535afd4fb068eff9982'}, 'dob': {'date': '1975-06-07T01:33:15.207Z', 'age': 50}, 'registered': {'date': '2012-08-23T13:37:07.548Z', 'age': 13}, 'phone': '36768551', 'cell': '43385529', 'id': {'name': 'CPR', 'value': '060675-7556'}, 'picture': {'large': 'https://randomuser.me/api/portraits/men/95.jpg', 'medium': 'https://randomuser.me/api/portraits/med/men/95.jpg', 'thumbnail': 'https://randomuser.me/api/portraits/thumb/men/95.jpg'}, 'nat': 'DK'}
[2026-03-26T14:54:49.564+0000] {logging_mixin.py:188} INFO -   gender  ...                                  picture.thumbnail
0   male  ...  https://randomuser.me/api/portraits/thumb/men/...

[1 rows x 34 columns]
[2026-03-26T14:54:49.566+0000] {logging_mixin.py:188} INFO - Index(['gender', 'email', 'phone', 'cell', 'nat', 'name.title', 'name.first',
       'name.last', 'location.street.number', 'location.street.name',
       'location.city', 'location.state', 'location.country',
       'location.postcode', 'location.coordinates.latitude',
       'location.coordinates.longitude', 'location.timezone.offset',
       'location.timezone.description', 'login.uuid', 'login.username',
       'login.password', 'login.salt', 'login.md5', 'login.sha1',
       'login.sha256', 'dob.date', 'dob.age', 'registered.date',
       'registered.age', 'id.name', 'id.value', 'picture.large',
       'picture.medium', 'picture.thumbnail'],
      dtype='object')
[2026-03-26T14:54:49.567+0000] {python.py:201} INFO - Done. Returned value was:   gender  ...                                  picture.thumbnail
0   male  ...  https://randomuser.me/api/portraits/thumb/men/...

[1 rows x 34 columns]
[2026-03-26T14:54:50.127+0000] {taskinstance.py:1138} INFO - Marking task as SUCCESS. dag_id=my_dag, task_id=process_user_data_task, execution_date=20260326T145435, start_date=20260326T145448, end_date=20260326T145450
[2026-03-26T14:54:50.309+0000] {local_task_job_runner.py:234} INFO - Task exited with return code 0
[2026-03-26T14:54:50.469+0000] {taskinstance.py:3280} INFO - 0 downstream tasks scheduled from follow-on schedule check
